find_header: checking for prism.h in /home/kas/projects/vulnerable_blog/vendor/bundle/ruby/3.1.0/gems/prism-1.6.0/include... -------------------- yes

LD_LIBRARY_PATH=.:/usr/lib/x86_64-linux-gnu "x86_64-linux-gnu-gcc -o conftest -I/usr/include/x86_64-linux-gnu/ruby-3.1.0 -I/usr/include/ruby-3.1.0/ruby/backward -I/usr/include/ruby-3.1.0 -I. -Wdate-time -D_FORTIFY_SOURCE=2   -g -O2 -ffile-prefix-map=BUILDDIR=. -fstack-protector-strong -Wformat -Werror=format-security -fPIC conftest.c  -L. -L/usr/lib/x86_64-linux-gnu -L. -Wl,-z,relro -Wl,-z,now -fstack-protector-strong -rdynamic -Wl,-export-dynamic -Wl,--no-as-needed     -lruby-3.1  -lm  -lc"
checked program was:
/* begin */
1: #include "ruby.h"
2: 
3: int main(int argc, char **argv)
4: {
5:   return !!argv[argc];
6: }
/* end */

LD_LIBRARY_PATH=.:/usr/lib/x86_64-linux-gnu "x86_64-linux-gnu-gcc -I/usr/include/x86_64-linux-gnu/ruby-3.1.0 -I/usr/include/ruby-3.1.0/ruby/backward -I/usr/include/ruby-3.1.0 -I. -Wdate-time -D_FORTIFY_SOURCE=2   -g -O2 -ffile-prefix-map=BUILDDIR=. -fstack-protector-strong -Wformat -Werror=format-security -fPIC   -c conftest.c"
conftest.c:3:10: fatal error: prism.h: Нет такого файла или каталога
    3 | #include <prism.h>
      |          ^~~~~~~~~
compilation terminated.
checked program was:
/* begin */
1: #include "ruby.h"
2: 
3: #include <prism.h>
/* end */

LD_LIBRARY_PATH=.:/usr/lib/x86_64-linux-gnu "x86_64-linux-gnu-gcc -I/usr/include/x86_64-linux-gnu/ruby-3.1.0 -I/usr/include/ruby-3.1.0/ruby/backward -I/usr/include/ruby-3.1.0 -I. -Wdate-time -D_FORTIFY_SOURCE=2   -g -O2 -ffile-prefix-map=BUILDDIR=. -fstack-protector-strong -Wformat -Werror=format-security -fPIC  -I/home/kas/projects/vulnerable_blog/vendor/bundle/ruby/3.1.0/gems/prism-1.6.0/include -c conftest.c"
checked program was:
/* begin */
1: #include "ruby.h"
2: 
3: #include <prism.h>
/* end */

--------------------

find_header: checking for prism/extension.h in /home/kas/projects/vulnerable_blog/vendor/bundle/ruby/3.1.0/gems/prism-1.6.0/ext... -------------------- yes

LD_LIBRARY_PATH=.:/usr/lib/x86_64-linux-gnu "x86_64-linux-gnu-gcc -I/usr/include/x86_64-linux-gnu/ruby-3.1.0 -I/usr/include/ruby-3.1.0/ruby/backward -I/usr/include/ruby-3.1.0 -I. -I/home/kas/projects/vulnerable_blog/vendor/bundle/ruby/3.1.0/gems/prism-1.6.0/include -Wdate-time -D_FORTIFY_SOURCE=2   -g -O2 -ffile-prefix-map=BUILDDIR=. -fstack-protector-strong -Wformat -Werror=format-security -fPIC   -c conftest.c"
conftest.c:3:10: fatal error: prism/extension.h: Нет такого файла или каталога
    3 | #include <prism/extension.h>
      |          ^~~~~~~~~~~~~~~~~~~
compilation terminated.
checked program was:
/* begin */
1: #include "ruby.h"
2: 
3: #include <prism/extension.h>
/* end */

LD_LIBRARY_PATH=.:/usr/lib/x86_64-linux-gnu "x86_64-linux-gnu-gcc -I/usr/include/x86_64-linux-gnu/ruby-3.1.0 -I/usr/include/ruby-3.1.0/ruby/backward -I/usr/include/ruby-3.1.0 -I. -I/home/kas/projects/vulnerable_blog/vendor/bundle/ruby/3.1.0/gems/prism-1.6.0/include -Wdate-time -D_FORTIFY_SOURCE=2   -g -O2 -ffile-prefix-map=BUILDDIR=. -fstack-protector-strong -Wformat -Werror=format-security -fPIC  -I/home/kas/projects/vulnerable_blog/vendor/bundle/ruby/3.1.0/gems/prism-1.6.0/ext -c conftest.c"
checked program was:
/* begin */
1: #include "ruby.h"
2: 
3: #include <prism/extension.h>
/* end */

--------------------

block in append_cflags: checking for whether -fvisibility=hidden is accepted as CFLAGS... -------------------- yes

LD_LIBRARY_PATH=.:/usr/lib/x86_64-linux-gnu "x86_64-linux-gnu-gcc -I/usr/include/x86_64-linux-gnu/ruby-3.1.0 -I/usr/include/ruby-3.1.0/ruby/backward -I/usr/include/ruby-3.1.0 -I. -I/home/kas/projects/vulnerable_blog/vendor/bundle/ruby/3.1.0/gems/prism-1.6.0/include -I/home/kas/projects/vulnerable_blog/vendor/bundle/ruby/3.1.0/gems/prism-1.6.0/ext -Wdate-time -D_FORTIFY_SOURCE=2   -g -O2 -ffile-prefix-map=BUILDDIR=. -fstack-protector-strong -Wformat -Werror=format-security -fPIC  -fvisibility=hidden -Werror -c conftest.c"
checked program was:
/* begin */
1: #include "ruby.h"
2: 
3: int main(int argc, char **argv)
4: {
5:   return !!argv[argc];
6: }
/* end */

--------------------

